Build started 07/07/2015 21:12:59.
     1>Project "c:\Users\user\documents\visual studio 2013\Projects\sfml3\sfml3\sfml3.vcxproj" on node 2 (Build target(s)).
     1>ClCompile:
         C:\Program Files (x86)\Microsoft Visual Studio 12.0\VC\bin\CL.exe /c /Zi /nologo /W3 /WX- /sdl /O2 /Oi /Oy- /GL /D _MBCS /Gm- /EHsc /MD /GS /Gy /fp:precise /Zc:wchar_t /Zc:forScope /Fo"Release\\" /Fd"Release\vc120.pdb" /Gd /TP /analyze- /errorReport:prompt Ball.cpp Game.cpp main.cpp Paddle.cpp
         Ball.cpp
     1>Ball.cpp(9): warning C4244: 'argument' : conversion from 'const int' to 'float', possible loss of data
     1>Ball.cpp(51): warning C4244: 'argument' : conversion from 'time_t' to 'unsigned int', possible loss of data
     1>Ball.cpp(57): warning C4018: '<' : signed/unsigned mismatch
         Game.cpp
     1>Game.cpp(10): warning C4018: '<' : signed/unsigned mismatch
         main.cpp
     1>c:\users\user\documents\visual studio 2013\projects\sfml3\sfml3\Game.cpp(10): warning C4018: '<' : signed/unsigned mismatch
         Paddle.cpp
       Link:
         C:\Program Files (x86)\Microsoft Visual Studio 12.0\VC\bin\link.exe /ERRORREPORT:PROMPT /OUT:"c:\users\user\documents\visual studio 2013\Projects\sfml3\Release\sfml3.exe" /NOLOGO "sfml-graphics.lib" "sfml-window.lib" "sfml-system.lib" kernel32.lib user32.lib gdi32.lib winspool.lib comdlg32.lib advapi32.lib shell32.lib ole32.lib oleaut32.lib uuid.lib odbc32.lib odbccp32.lib /MANIFEST /MANIFESTUAC:"level='asInvoker' uiAccess='false'" /manifest:embed /DEBUG /PDB:"c:\users\user\documents\visual studio 2013\Projects\sfml3\Release\sfml3.pdb" /OPT:REF /OPT:ICF /LTCG /TLBID:1 /DYNAMICBASE /NXCOMPAT /IMPLIB:"c:\users\user\documents\visual studio 2013\Projects\sfml3\Release\sfml3.lib" /MACHINE:X86 /SAFESEH Release\Ball.obj
         Release\Game.obj
         Release\main.obj
         Release\Paddle.obj
         Generating code
         Finished generating code
         sfml3.vcxproj -> c:\users\user\documents\visual studio 2013\Projects\sfml3\Release\sfml3.exe
     1>Done Building Project "c:\Users\user\documents\visual studio 2013\Projects\sfml3\sfml3\sfml3.vcxproj" (Build target(s)).

Build succeeded.

Time Elapsed 00:00:07.74
