Build started 08/07/2015 23:55:34.
     1>Project "C:\Users\user\Documents\GitHub\Block-Breaker-cpp-sfml\sfml3\sfml3\sfml3.vcxproj" on node 2 (Rebuild target(s)).
     1>ClCompile:
         C:\Program Files (x86)\Microsoft Visual Studio 12.0\VC\bin\CL.exe /c /ZI /nologo /W3 /WX- /sdl /Od /Oy- /D _MBCS /Gm /EHsc /RTC1 /MDd /GS /fp:precise /Zc:wchar_t /Zc:forScope /Fo"Debug\\" /Fd"Debug\vc120.pdb" /Gd /TP /analyze- /errorReport:prompt Ball.cpp Game.cpp main.cpp Paddle.cpp
         Paddle.cpp
         main.cpp
     1>c:\users\user\documents\github\block-breaker-cpp-sfml\sfml3\sfml3\game.cpp(10): warning C4018: '<' : signed/unsigned mismatch
         Game.cpp
     1>c:\users\user\documents\github\block-breaker-cpp-sfml\sfml3\sfml3\game.cpp(10): warning C4018: '<' : signed/unsigned mismatch
         Ball.cpp
     1>c:\users\user\documents\github\block-breaker-cpp-sfml\sfml3\sfml3\ball.cpp(10): warning C4244: 'argument' : conversion from 'const int' to 'float', possible loss of data
     1>c:\users\user\documents\github\block-breaker-cpp-sfml\sfml3\sfml3\ball.cpp(52): warning C4244: 'argument' : conversion from 'time_t' to 'unsigned int', possible loss of data
     1>c:\users\user\documents\github\block-breaker-cpp-sfml\sfml3\sfml3\ball.cpp(59): warning C4018: '<' : signed/unsigned mismatch
         Generating Code...
       Link:
         C:\Program Files (x86)\Microsoft Visual Studio 12.0\VC\bin\link.exe /ERRORREPORT:PROMPT /OUT:"C:\Users\user\Documents\GitHub\Block-Breaker-cpp-sfml\sfml3\Debug\sfml3.exe" /INCREMENTAL /NOLOGO "sfml-graphics-d.lib" "sfml-window-d.lib" "sfml-system-d.lib" kernel32.lib user32.lib gdi32.lib winspool.lib comdlg32.lib advapi32.lib shell32.lib ole32.lib oleaut32.lib uuid.lib odbc32.lib odbccp32.lib /MANIFEST /MANIFESTUAC:"level='asInvoker' uiAccess='false'" /manifest:embed /DEBUG /PDB:"C:\Users\user\Documents\GitHub\Block-Breaker-cpp-sfml\sfml3\Debug\sfml3.pdb" /TLBID:1 /DYNAMICBASE /NXCOMPAT /IMPLIB:"C:\Users\user\Documents\GitHub\Block-Breaker-cpp-sfml\sfml3\Debug\sfml3.lib" /MACHINE:X86 Debug\Ball.obj
         Debug\Game.obj
         Debug\main.obj
         Debug\Paddle.obj
         sfml3.vcxproj -> C:\Users\user\Documents\GitHub\Block-Breaker-cpp-sfml\sfml3\Debug\sfml3.exe
     1>Done Building Project "C:\Users\user\Documents\GitHub\Block-Breaker-cpp-sfml\sfml3\sfml3\sfml3.vcxproj" (Rebuild target(s)).

Build succeeded.

Time Elapsed 00:00:02.54
